DEBUG:asyncio:Using proactor: IocpProactor
INFO:telethon.network.mtprotosender:Connecting to 149.154.167.51:443/TcpFull...
DEBUG:telethon.network.mtprotosender:Connection attempt 1...
DEBUG:telethon.network.mtprotosender:Connection success!
DEBUG:telethon.network.mtprotosender:Starting send loop
DEBUG:telethon.network.mtprotosender:Starting receive loop
INFO:telethon.network.mtprotosender:Connection to 149.154.167.51:443/TcpFull complete!
DEBUG:telethon.network.mtprotosender:Waiting for messages to send...
DEBUG:telethon.extensions.messagepacker:Assigned msg_id = 7108103800733623728 to InvokeWithLayerRequest (239b73d5510)
DEBUG:telethon.network.mtprotosender:Encrypting 1 message(s) in 76 bytes for sending
DEBUG:telethon.network.mtprotosender:Encrypted messages put in a queue to be sent
DEBUG:telethon.network.mtprotosender:Waiting for messages to send...
DEBUG:telethon.network.mtprotosender:Receiving items from the network...
DEBUG:telethon.network.mtprotosender:Handling bad salt for message 7108103800733623728
DEBUG:telethon.network.mtprotosender:1 message(s) will be resent
DEBUG:telethon.network.mtprotosender:Receiving items from the network...
DEBUG:telethon.extensions.messagepacker:Assigned msg_id = 7108103800973771316 to InvokeWithLayerRequest (239b73d5510)
DEBUG:telethon.network.mtprotosender:Encrypting 1 message(s) in 76 bytes for sending
DEBUG:telethon.network.mtprotosender:Encrypted messages put in a queue to be sent
DEBUG:telethon.network.mtprotosender:Waiting for messages to send...
DEBUG:telethon.extensions.messagepacker:Assigned msg_id = 7108103800981771692 to MsgsAck (239b73d55a0)
DEBUG:telethon.network.mtprotosender:Encrypting 1 message(s) in 36 bytes for sending
DEBUG:telethon.network.mtprotosender:Encrypted messages put in a queue to be sent
DEBUG:telethon.network.mtprotosender:Waiting for messages to send...
DEBUG:telethon.network.mtprotosender:Handling container
DEBUG:telethon.network.mtprotosender:Handling new session created
DEBUG:telethon.network.mtprotosender:Handling acknowledge for [7108103800973771316]
DEBUG:telethon.network.mtprotosender:Receiving items from the network...
DEBUG:telethon.network.mtprotosender:Handling RPC result for message 7108103800973771316
DEBUG:telethon.network.mtprotosender:Receiving items from the network...
DEBUG:telethon.extensions.messagepacker:Assigned msg_id = 7108103801305603248 to GetUsersRequest (239b73d60b0)
DEBUG:telethon.network.mtprotosender:Encrypting 1 message(s) in 32 bytes for sending
DEBUG:telethon.network.mtprotosender:Encrypted messages put in a queue to be sent
DEBUG:telethon.network.mtprotosender:Waiting for messages to send...
DEBUG:telethon.extensions.messagepacker:Assigned msg_id = 7108103801309605820 to MsgsAck (239b73d57b0)
DEBUG:telethon.network.mtprotosender:Encrypting 1 message(s) in 60 bytes for sending
DEBUG:telethon.network.mtprotosender:Encrypted messages put in a queue to be sent
DEBUG:telethon.network.mtprotosender:Waiting for messages to send...
DEBUG:telethon.network.mtprotosender:Handling RPC result for message 7108103801305603248
DEBUG:telethon.network.mtprotosender:Receiving items from the network...
DEBUG:telethon.extensions.messagepacker:Assigned msg_id = 7108103801609602196 to GetStateRequest (239b73d5030)
DEBUG:telethon.network.mtprotosender:Encrypting 1 message(s) in 20 bytes for sending
DEBUG:telethon.network.mtprotosender:Encrypted messages put in a queue to be sent
DEBUG:telethon.network.mtprotosender:Waiting for messages to send...
DEBUG:telethon.extensions.messagepacker:Assigned msg_id = 7108103801613600000 to MsgsAck (239b73d5a20)
DEBUG:telethon.network.mtprotosender:Encrypting 1 message(s) in 36 bytes for sending
DEBUG:telethon.network.mtprotosender:Encrypted messages put in a queue to be sent
DEBUG:telethon.network.mtprotosender:Waiting for messages to send...
DEBUG:telethon.network.mtprotosender:Handling RPC result for message 7108103801609602196
DEBUG:telethon.network.mtprotosender:Receiving items from the network...
DEBUG:telethon.network.mtprotosender:Handling update UpdateShort
DEBUG:telethon.network.mtprotosender:Receiving items from the network...
DEBUG:telethon.network.mtprotosender:Handling update UpdateShort
DEBUG:telethon.network.mtprotosender:Receiving items from the network...
DEBUG:telethon.network.mtprotosender:Handling update UpdateShort
DEBUG:telethon.network.mtprotosender:Receiving items from the network...
DEBUG:telethon.network.mtprotosender:Handling update UpdateShort
DEBUG:telethon.network.mtprotosender:Receiving items from the network...
DEBUG:telethon.network.mtprotosender:Handling update UpdateShort
DEBUG:telethon.network.mtprotosender:Receiving items from the network...
DEBUG:telethon.network.mtprotosender:Handling container
DEBUG:telethon.network.mtprotosender:Handling update Updates
DEBUG:telethon.network.mtprotosender:Handling update UpdateShort
DEBUG:telethon.network.mtprotosender:Receiving items from the network...
ERROR:telethon.client.updates:Unhandled exception on handler
Traceback (most recent call last):
  File "C:\Users\FortunaSeven\PycharmProjects\pythonProject\venv\lib\site-packages\telethon\client\updates.py", line 467, in _dispatch_update
    await callback(event)
  File "C:\Users\FortunaSeven\PycharmProjects\pythonProject\main.py", line 25, in handler
    await client.send_message(entity='frtn7', message=event)
  File "C:\Users\FortunaSeven\PycharmProjects\pythonProject\venv\lib\site-packages\telethon\client\messages.py", line 853, in send_message
    message, formatting_entities = await self._parse_message_text(message, parse_mode)
  File "C:\Users\FortunaSeven\PycharmProjects\pythonProject\venv\lib\site-packages\telethon\client\messageparse.py", line 87, in _parse_message_text
    message, msg_entities = parse_mode.parse(message)
  File "C:\Users\FortunaSeven\PycharmProjects\pythonProject\venv\lib\site-packages\telethon\extensions\markdown.py", line 68, in parse
    message = add_surrogate(message)
  File "C:\Users\FortunaSeven\PycharmProjects\pythonProject\venv\lib\site-packages\telethon\helpers.py", line 39, in add_surrogate
    return ''.join(
TypeError: 'Event' object is not iterable
DEBUG:telethon.network.mtprotosender:Handling update UpdateShort
DEBUG:telethon.network.mtprotosender:Receiving items from the network...
DEBUG:telethon.network.mtprotosender:Handling update UpdateShort
DEBUG:telethon.network.mtprotosender:Receiving items from the network...
DEBUG:telethon.network.mtprotosender:Handling update UpdateShort
DEBUG:telethon.network.mtprotosender:Receiving items from the network...
DEBUG:telethon.network.mtprotosender:Handling update UpdateShort
DEBUG:telethon.network.mtprotosender:Receiving items from the network...
DEBUG:telethon.network.mtprotosender:Handling container
DEBUG:telethon.network.mtprotosender:Handling update UpdateShort
DEBUG:telethon.network.mtprotosender:Handling update Updates
DEBUG:telethon.network.mtprotosender:Receiving items from the network...
DEBUG:telethon.client.updates:Getting difference for entities for <class 'telethon.tl.types.UpdateEditChannelMessage'>
DEBUG:telethon.extensions.messagepacker:Assigned msg_id = 7108103876819320580 to GetFullChannelRequest (239b73d7220)
DEBUG:telethon.network.mtprotosender:Encrypting 1 message(s) in 40 bytes for sending
DEBUG:telethon.network.mtprotosender:Encrypted messages put in a queue to be sent
DEBUG:telethon.network.mtprotosender:Waiting for messages to send...
DEBUG:telethon.extensions.messagepacker:Assigned msg_id = 7108103876823320292 to MsgsAck (239b73d6320)
DEBUG:telethon.network.mtprotosender:Encrypting 1 message(s) in 156 bytes for sending
DEBUG:telethon.network.mtprotosender:Encrypted messages put in a queue to be sent
DEBUG:telethon.network.mtprotosender:Waiting for messages to send...
DEBUG:telethon.network.mtprotosender:Handling RPC result for message 7108103876819320580
DEBUG:telethon.network.mtprotosender:Receiving items from the network...
DEBUG:telethon.network.mtprotosender:Handling update UpdateShort
DEBUG:telethon.network.mtprotosender:Receiving items from the network...
DEBUG:telethon.network.mtprotosender:Handling update UpdateShort
DEBUG:telethon.network.mtprotosender:Receiving items from the network...
DEBUG:telethon.network.mtprotosender:Handling update UpdateShort
DEBUG:telethon.network.mtprotosender:Receiving items from the network...
DEBUG:telethon.network.mtprotosender:Handling container
DEBUG:telethon.network.mtprotosender:Handling update UpdateShort
DEBUG:telethon.network.mtprotosender:Handling update UpdateShort
DEBUG:telethon.network.mtprotosender:Receiving items from the network...
DEBUG:telethon.network.mtprotosender:Handling update UpdateShort
DEBUG:telethon.network.mtprotosender:Receiving items from the network...
DEBUG:telethon.network.mtprotosender:Handling update UpdateShort
DEBUG:telethon.network.mtprotosender:Receiving items from the network...
DEBUG:telethon.network.mtprotosender:Handling update UpdateShort
DEBUG:telethon.network.mtprotosender:Receiving items from the network...
DEBUG:telethon.network.mtprotosender:Handling update UpdateShort
DEBUG:telethon.network.mtprotosender:Receiving items from the network...
DEBUG:telethon.network.mtprotosender:Handling update UpdateShort
DEBUG:telethon.network.mtprotosender:Receiving items from the network...
DEBUG:telethon.network.mtprotosender:Handling update UpdateShort
DEBUG:telethon.network.mtprotosender:Receiving items from the network...
DEBUG:telethon.network.mtprotosender:Handling update UpdateShort
DEBUG:telethon.network.mtprotosender:Receiving items from the network...
DEBUG:telethon.network.mtprotosender:Handling update UpdateShort
DEBUG:telethon.network.mtprotosender:Receiving items from the network...
DEBUG:telethon.network.mtprotosender:Handling update UpdateShort
DEBUG:telethon.network.mtprotosender:Receiving items from the network...
DEBUG:telethon.network.mtprotosender:Handling update UpdateShort
DEBUG:telethon.network.mtprotosender:Receiving items from the network...
DEBUG:telethon.network.mtprotosender:Handling update UpdateShort
DEBUG:telethon.network.mtprotosender:Receiving items from the network...
DEBUG:telethon.network.mtprotosender:Handling update UpdateShort
DEBUG:telethon.network.mtprotosender:Receiving items from the network...
DEBUG:telethon.network.mtprotosender:Handling update UpdateShort
DEBUG:telethon.network.mtprotosender:Receiving items from the network...
DEBUG:telethon.network.mtprotosender:Handling update UpdateShort
DEBUG:telethon.network.mtprotosender:Receiving items from the network...
DEBUG:telethon.network.mtprotosender:Handling update UpdateShort
DEBUG:telethon.network.mtprotosender:Receiving items from the network...
DEBUG:telethon.network.mtprotosender:Handling update UpdateShort
DEBUG:telethon.network.mtprotosender:Receiving items from the network...
DEBUG:telethon.network.mtprotosender:Handling update UpdateShort
DEBUG:telethon.network.mtprotosender:Receiving items from the network...
DEBUG:telethon.network.mtprotosender:Handling update UpdateShort
DEBUG:telethon.network.mtprotosender:Receiving items from the network...
DEBUG:telethon.network.mtprotosender:Handling update UpdateShort
DEBUG:telethon.network.mtprotosender:Receiving items from the network...
DEBUG:telethon.network.mtprotosender:Handling update UpdateShort
DEBUG:telethon.network.mtprotosender:Receiving items from the network...
DEBUG:telethon.network.mtprotosender:Handling update UpdateShort
DEBUG:telethon.network.mtprotosender:Receiving items from the network...
DEBUG:telethon.network.mtprotosender:Handling update UpdateShort
DEBUG:telethon.network.mtprotosender:Receiving items from the network...
DEBUG:telethon.network.mtprotosender:Handling update UpdateShort
DEBUG:telethon.network.mtprotosender:Receiving items from the network...
DEBUG:telethon.network.mtprotosender:Handling update UpdateShort
DEBUG:telethon.network.mtprotosender:Receiving items from the network...
DEBUG:telethon.network.mtprotosender:Handling update UpdateShort
DEBUG:telethon.network.mtprotosender:Receiving items from the network...
DEBUG:telethon.network.mtprotosender:Handling update UpdateShort
DEBUG:telethon.network.mtprotosender:Receiving items from the network...
DEBUG:telethon.network.mtprotosender:Handling update UpdateShort
DEBUG:telethon.network.mtprotosender:Receiving items from the network...
DEBUG:telethon.network.mtprotosender:Handling update UpdateShort
DEBUG:telethon.network.mtprotosender:Receiving items from the network...
DEBUG:telethon.network.mtprotosender:Handling update UpdateShort
DEBUG:telethon.network.mtprotosender:Receiving items from the network...
DEBUG:telethon.network.mtprotosender:Handling update UpdateShort
DEBUG:telethon.network.mtprotosender:Receiving items from the network...
DEBUG:telethon.extensions.messagepacker:Assigned msg_id = 7108104059047870516 to PingRequest (239b73d60e0)
DEBUG:telethon.network.mtprotosender:Encrypting 1 message(s) in 28 bytes for sending
DEBUG:telethon.network.mtprotosender:Encrypted messages put in a queue to be sent
DEBUG:telethon.network.mtprotosender:Waiting for messages to send...
DEBUG:telethon.extensions.messagepacker:Assigned msg_id = 7108104059051930308 to MsgsAck (239b73d7820)
DEBUG:telethon.network.mtprotosender:Encrypting 1 message(s) in 324 bytes for sending
DEBUG:telethon.network.mtprotosender:Encrypted messages put in a queue to be sent
DEBUG:telethon.network.mtprotosender:Waiting for messages to send...
DEBUG:telethon.network.mtprotosender:Handling pong for message 7108104059047870516
DEBUG:telethon.network.mtprotosender:Receiving items from the network...
DEBUG:telethon.network.mtprotosender:Handling update UpdateShort
DEBUG:telethon.network.mtprotosender:Receiving items from the network...
DEBUG:telethon.network.mtprotosender:Handling update UpdateShort
DEBUG:telethon.network.mtprotosender:Receiving items from the network...
DEBUG:telethon.network.mtprotosender:Handling update UpdateShort
DEBUG:telethon.network.mtprotosender:Receiving items from the network...
DEBUG:telethon.network.mtprotosender:Handling update UpdateShort
DEBUG:telethon.network.mtprotosender:Receiving items from the network...
DEBUG:telethon.network.mtprotosender:Handling update UpdateShort
DEBUG:telethon.network.mtprotosender:Receiving items from the network...
DEBUG:telethon.network.mtprotosender:Handling update UpdateShort
DEBUG:telethon.network.mtprotosender:Receiving items from the network...
DEBUG:telethon.network.mtprotosender:Handling update UpdateShort
DEBUG:telethon.network.mtprotosender:Receiving items from the network...
DEBUG:telethon.network.mtprotosender:Handling update UpdateShort
DEBUG:telethon.network.mtprotosender:Receiving items from the network...
DEBUG:telethon.network.mtprotosender:Handling update UpdateShort
DEBUG:telethon.network.mtprotosender:Receiving items from the network...
DEBUG:telethon.network.mtprotosender:Handling update UpdateShort
DEBUG:telethon.network.mtprotosender:Receiving items from the network...
DEBUG:telethon.network.mtprotosender:Handling update UpdateShort
DEBUG:telethon.network.mtprotosender:Receiving items from the network...
DEBUG:telethon.network.mtprotosender:Handling update UpdateShort
DEBUG:telethon.network.mtprotosender:Receiving items from the network...
DEBUG:telethon.network.mtprotosender:Handling update UpdateShort
DEBUG:telethon.network.mtprotosender:Receiving items from the network...
DEBUG:telethon.network.mtprotosender:Handling update UpdateShort
DEBUG:telethon.network.mtprotosender:Receiving items from the network...
DEBUG:telethon.network.mtprotosender:Handling gzipped data
DEBUG:telethon.network.mtprotosender:Handling update Updates
DEBUG:telethon.network.mtprotosender:Receiving items from the network...
DEBUG:telethon.network.mtprotosender:Handling update UpdateShort
DEBUG:telethon.network.mtprotosender:Receiving items from the network...
DEBUG:telethon.network.mtprotosender:Handling update UpdateShort
DEBUG:telethon.network.mtprotosender:Receiving items from the network...
DEBUG:telethon.network.mtprotosender:Handling update UpdateShort
DEBUG:telethon.network.mtprotosender:Receiving items from the network...
DEBUG:telethon.network.mtprotosender:Handling update UpdateShort
DEBUG:telethon.network.mtprotosender:Receiving items from the network...
DEBUG:telethon.network.mtprotosender:Handling update UpdateShort
DEBUG:telethon.network.mtprotosender:Receiving items from the network...
DEBUG:telethon.network.mtprotosender:Handling update UpdateShort
DEBUG:telethon.network.mtprotosender:Receiving items from the network...
DEBUG:telethon.network.mtprotosender:Handling update UpdateShort
DEBUG:telethon.network.mtprotosender:Receiving items from the network...
DEBUG:telethon.network.mtprotosender:Handling update UpdateShort
DEBUG:telethon.network.mtprotosender:Receiving items from the network...
DEBUG:telethon.network.mtprotosender:Handling update UpdateShort
DEBUG:telethon.network.mtprotosender:Receiving items from the network...
DEBUG:telethon.network.mtprotosender:Handling update UpdateShort
DEBUG:telethon.network.mtprotosender:Receiving items from the network...
DEBUG:telethon.network.mtprotosender:Handling update UpdateShort
DEBUG:telethon.network.mtprotosender:Receiving items from the network...
DEBUG:telethon.network.mtprotosender:Handling update UpdateShort
DEBUG:telethon.network.mtprotosender:Receiving items from the network...
DEBUG:telethon.network.mtprotosender:Handling update UpdateShort
DEBUG:telethon.network.mtprotosender:Receiving items from the network...
DEBUG:telethon.network.mtprotosender:Handling update UpdateShort
DEBUG:telethon.network.mtprotosender:Receiving items from the network...
DEBUG:telethon.network.mtprotosender:Handling update UpdateShort
DEBUG:telethon.network.mtprotosender:Receiving items from the network...
DEBUG:telethon.network.mtprotosender:Handling update UpdateShort
DEBUG:telethon.network.mtprotosender:Receiving items from the network...
DEBUG:telethon.network.mtprotosender:Handling update UpdateShort
DEBUG:telethon.network.mtprotosender:Receiving items from the network...
DEBUG:telethon.network.mtprotosender:Handling update UpdateShort
DEBUG:telethon.network.mtprotosender:Receiving items from the network...
DEBUG:telethon.network.mtprotosender:Handling gzipped data
DEBUG:telethon.network.mtprotosender:Handling update Updates
DEBUG:telethon.network.mtprotosender:Receiving items from the network...
DEBUG:telethon.network.mtprotosender:Handling update UpdateShort
DEBUG:telethon.network.mtprotosender:Receiving items from the network...
DEBUG:telethon.network.mtprotosender:Handling update UpdateShort
DEBUG:telethon.network.mtprotosender:Receiving items from the network...
DEBUG:telethon.network.mtprotosender:Handling gzipped data
DEBUG:telethon.network.mtprotosender:Handling update Updates
DEBUG:telethon.network.mtprotosender:Receiving items from the network...
DEBUG:telethon.network.mtprotosender:Handling update UpdateShort
DEBUG:telethon.network.mtprotosender:Receiving items from the network...
DEBUG:telethon.network.mtprotosender:Handling update UpdateShort
DEBUG:telethon.network.mtprotosender:Receiving items from the network...
DEBUG:telethon.network.mtprotosender:Handling update UpdateShort
DEBUG:telethon.network.mtprotosender:Receiving items from the network...
DEBUG:telethon.network.mtprotosender:Handling update UpdateShort
DEBUG:telethon.network.mtprotosender:Receiving items from the network...
